<?xml version="1.0" encoding="UTF-8"?>
<!-- Generated by org.testng.reporters.JUnitXMLReporter -->
<testsuite ignored="2" hostname="Kalyani" failures="0" tests="1" name="Default test" time="35.411" errors="0" timestamp="10 May 2023 03:38:38 GMT">
  <testcase classname="testcases.LoginTest" name="test1" time="30.482"/>
  <testcase classname="testcases.LoginTest" name="test2" time="0.0">
    <ignored/>
  </testcase> <!-- test2 -->
  <testcase classname="testcases.LoginTest" name="test4" time="0.0">
    <ignored/>
  </testcase> <!-- test4 -->
</testsuite> <!-- Default test -->
