<?xml version="1.0" encoding="UTF-8"?>
<testng-results ignored="2" total="3" passed="1" failed="0" skipped="0">
  <reporter-output>
  </reporter-output>
  <suite started-at="2023-05-10T03:38:02Z" name="Default suite" finished-at="2023-05-10T03:38:38Z" duration-ms="35411">
    <groups>
    </groups>
    <test started-at="2023-05-10T03:38:02Z" name="Default test" finished-at="2023-05-10T03:38:38Z" duration-ms="35411">
      <class name="testcases.LoginTest">
        <test-method is-config="true" signature="ReportSetUp()[pri:0, instance:testcases.LoginTest@54eb2b70]" started-at="2023-05-10T03:38:03Z" name="ReportSetUp" finished-at="2023-05-10T03:38:03Z" duration-ms="758" status="PASS">
          <reporter-output>
          </reporter-output>
        </test-method> <!-- ReportSetUp -->
        <test-method is-config="true" signature="SetUp(java.lang.reflect.Method)[pri:0, instance:testcases.LoginTest@54eb2b70]" started-at="2023-05-10T03:38:03Z" name="SetUp" finished-at="2023-05-10T03:38:07Z" duration-ms="3440" status="PASS">
          <params>
            <param index="0">
              <value>
                <![CDATA[public void testcases.LoginTest.test1()]]>
              </value>
            </param>
          </params>
          <reporter-output>
          </reporter-output>
        </test-method> <!-- SetUp -->
        <test-method signature="test1()[pri:0, instance:testcases.LoginTest@54eb2b70]" started-at="2023-05-10T03:38:07Z" name="test1" finished-at="2023-05-10T03:38:37Z" duration-ms="30482" status="PASS">
          <reporter-output>
          </reporter-output>
        </test-method> <!-- test1 -->
        <test-method is-config="true" signature="TearDown()[pri:0, instance:testcases.LoginTest@54eb2b70]" started-at="2023-05-10T03:38:37Z" name="TearDown" finished-at="2023-05-10T03:38:38Z" duration-ms="306" status="PASS">
          <reporter-output>
          </reporter-output>
        </test-method> <!-- TearDown -->
        <test-method is-config="true" signature="ReportClean()[pri:0, instance:testcases.LoginTest@54eb2b70]" started-at="2023-05-10T03:38:38Z" name="ReportClean" finished-at="2023-05-10T03:38:38Z" duration-ms="398" status="PASS">
          <reporter-output>
          </reporter-output>
        </test-method> <!-- ReportClean -->
      </class> <!-- testcases.LoginTest -->
    </test> <!-- Default test -->
  </suite> <!-- Default suite -->
</testng-results>
