<?xml version="1.0" encoding="UTF-8"?>
<testng-results ignored="0" total="1" passed="1" failed="0" skipped="0">
  <reporter-output>
  </reporter-output>
  <suite started-at="2023-05-13T12:15:34Z" name="Suite" finished-at="2023-05-13T12:15:38Z" duration-ms="3830">
    <groups>
    </groups>
    <test started-at="2023-05-13T12:15:34Z" name="Test" finished-at="2023-05-13T12:15:38Z" duration-ms="3830">
      <class name="testcases.HomePageTest">
        <test-method is-config="true" signature="ReportSetUp()[pri:0, instance:testcases.HomePageTest@59e505b2]" started-at="2023-05-13T12:15:34Z" name="ReportSetUp" finished-at="2023-05-13T12:15:35Z" duration-ms="661" status="PASS">
          <reporter-output>
          </reporter-output>
        </test-method> <!-- ReportSetUp -->
        <test-method is-config="true" signature="SetUp(java.lang.reflect.Method)[pri:0, instance:testcases.HomePageTest@59e505b2]" started-at="2023-05-13T12:15:35Z" name="SetUp" finished-at="2023-05-13T12:15:38Z" duration-ms="2691" status="PASS">
          <params>
            <param index="0">
              <value>
                <![CDATA[public void testcases.HomePageTest.test3()]]>
              </value>
            </param>
          </params>
          <reporter-output>
          </reporter-output>
        </test-method> <!-- SetUp -->
        <test-method signature="test3()[pri:0, instance:testcases.HomePageTest@59e505b2]" started-at="2023-05-13T12:15:38Z" name="test3" finished-at="2023-05-13T12:15:38Z" duration-ms="6" status="PASS">
          <reporter-output>
          </reporter-output>
        </test-method> <!-- test3 -->
        <test-method is-config="true" signature="TearDown()[pri:0, instance:testcases.HomePageTest@59e505b2]" started-at="2023-05-13T12:15:38Z" name="TearDown" finished-at="2023-05-13T12:15:38Z" duration-ms="192" status="PASS">
          <reporter-output>
          </reporter-output>
        </test-method> <!-- TearDown -->
        <test-method is-config="true" signature="ReportClean()[pri:0, instance:testcases.HomePageTest@59e505b2]" started-at="2023-05-13T12:15:38Z" name="ReportClean" finished-at="2023-05-13T12:15:38Z" duration-ms="263" status="PASS">
          <reporter-output>
          </reporter-output>
        </test-method> <!-- ReportClean -->
      </class> <!-- testcases.HomePageTest -->
    </test> <!-- Test -->
  </suite> <!-- Suite -->
</testng-results>
